0 info it worked if it ends with ok

1 verbose cli [ '/usr/local/bin/node', '/usr/local/bin/npm', 'start' ]
2 info using npm@4.1.2
3 info using node@v6.10.0
4 verbose stack Error: missing script: start
4 verbose stack     at run (/usr/local/lib/node_modules/npm/lib/run-script.js:151:19)
4 verbose stack     at /usr/local/lib/node_modules/npm/lib/run-script.js:61:5
4 verbose stack     at /usr/local/lib/node_modules/npm/node_modules/read-package-json/read-json.js:356:5
4 verbose stack     at checkBinReferences_ (/usr/local/lib/node_modules/npm/node_modules/read-package-json/read-json.js:320:45)
4 verbose stack     at final (/usr/local/lib/node_modules/npm/node_modules/read-package-json/read-json.js:354:3)
4 verbose stack     at then (/usr/local/lib/node_modules/npm/node_modules/read-package-json/read-json.js:124:5)
4 verbose stack     at /usr/local/lib/node_modules/npm/node_modules/read-package-json/read-json.js:311:12
4 verbose stack     at /usr/local/lib/node_modules/npm/node_modules/graceful-fs/graceful-fs.js:78:16
4 verbose stack     at tryToString (fs.js:455:3)
4 verbose stack     at FSReqWrap.readFileAfterClose [as oncomplete] (fs.js:442:12)
5 verbose cwd /Users/willfong/wdi/project-2-wayfarer
6 error Darwin 16.5.0
7 error argv "/usr/local/bin/node" "/usr/local/bin/npm" "start"
8 error node v6.10.0
9 error npm  v4.1.2
10 error missing script: start
11 error If you need help, you may report this error at:
11 error     <https://github.com/npm/npm/issues>
12 verbose exit [ 1, true ]
=======
1 verbose cli [ '/usr/local/Cellar/node/7.7.4/bin/node',
1 verbose cli   '/usr/local/bin/npm',
1 verbose cli   'run',
1 verbose cli   'start' ]
2 info using npm@4.1.2
3 info using node@v7.7.4
4 verbose config Skipping project config: /Users/adarshnakumar/.npmrc. (matches userconfig)
5 verbose stack Error: ENOENT: no such file or directory, open '/Users/adarshnakumar/package.json'
6 verbose cwd /Users/adarshnakumar/wdi/project-2-wayfarer
7 error Darwin 15.6.0
8 error argv "/usr/local/Cellar/node/7.7.4/bin/node" "/usr/local/bin/npm" "run" "start"
9 error node v7.7.4
10 error npm  v4.1.2
11 error path /Users/adarshnakumar/package.json
12 error code ENOENT
13 error errno -2
14 error syscall open
15 error enoent ENOENT: no such file or directory, open '/Users/adarshnakumar/package.json'
16 error enoent ENOENT: no such file or directory, open '/Users/adarshnakumar/package.json'
16 error enoent This is most likely not a problem with npm itself
16 error enoent and is related to npm not being able to find a file.
17 verbose exit [ -2, true ]

